

Microchip MPLAB XC8 Assembler V2.31 build 20201012212115 
                                                                                               Wed Dec 02 00:03:25 2020

Microchip MPLAB XC8 C Compiler v2.31 (Free license) build 20201012212115 Og1 
     1                           	processor	12F509
     2                           	pagewidth 120
     3                           	opt	flic
     4                           	psect	cinit,global,class=ENTRY,merge=1,delta=2
     5                           	psect	cstackBANK0,global,class=BANK0,space=1,delta=1,noexec
     6                           	psect	cstackCOMMON,global,class=COMMON,space=1,delta=1,noexec
     7                           	psect	maintext,global,class=CODE,split=1,delta=2
     8                           	psect	text1,local,class=CODE,merge=1,delta=2
     9                           	psect	jmp_tab,global,class=ENTRY,delta=2
    10                           	psect	text2,local,class=CODE,merge=1,delta=2
    11                           	psect	config,global,abs,ovrld,class=CONFIG,space=4,delta=2,noexec
    12                           	dabs	1,0x8,8
    13  0000                     
    14                           ; Version 2.20
    15                           ; Generated 29/04/2020 GMT
    16                           ; 
    17                           ; Copyright © 2020, Microchip Technology Inc. and its subsidiaries ("Microchip")
    18                           ; All rights reserved.
    19                           ; 
    20                           ; This software is developed by Microchip Technology Inc. and its subsidiaries ("Microch
      +                          ip").
    21                           ; 
    22                           ; Redistribution and use in source and binary forms, with or without modification, are
    23                           ; permitted provided that the following conditions are met:
    24                           ; 
    25                           ;     1. Redistributions of source code must retain the above copyright notice, this lis
      +                          t of
    26                           ;        conditions and the following disclaimer.
    27                           ; 
    28                           ;     2. Redistributions in binary form must reproduce the above copyright notice, this 
      +                          list
    29                           ;        of conditions and the following disclaimer in the documentation and/or other
    30                           ;        materials provided with the distribution.
    31                           ; 
    32                           ;     3. Microchip's name may not be used to endorse or promote products derived from th
      +                          is
    33                           ;        software without specific prior written permission.
    34                           ; 
    35                           ; THIS SOFTWARE IS PROVIDED BY MICROCHIP "AS IS" AND ANY EXPRESS OR IMPLIED WARRANTIES,
    36                           ; INCLUDING, BUT NOT LIMITED TO, THE IMPLIED WARRANTIES OF MERCHANTABILITY AND FITNESS F
      +                          OR
    37                           ; PURPOSE ARE DISCLAIMED.  IN NO EVENT SHALL MICROCHIP BE LIABLE FOR ANY DIRECT, INDIREC
      +                          T,
    38                           ; INCIDENTAL, SPECIAL, EXEMPLARY, OR CONSEQUENTIAL DAMAGES (INCLUDING BUT NOT LIMITED TO
    39                           ; PROCUREMENT OF SUBSTITUTE GOODS OR SERVICES; LOSS OF USE, DATA OR PROFITS; OR BUSINESS
    40                           ; INTERRUPTION) HOWSOEVER CAUSED AND ON ANY THEORY OF LIABILITY, WHETHER IN CONTRACT, ST
      +                          RICT
    41                           ; LIABILITY, OR TORT (INCLUDING NEGLIGENCE OR OTHERWISE) ARISING IN ANY WAY OUT OF THE U
      +                          SE OF
    42                           ; THIS SOFTWARE, EVEN IF ADVISED OF THE POSSIBILITY OF SUCH DAMAGE.
    43                           ; 
    44                           ; 
    45                           ; Code-generator required, PIC12F509 Definitions
    46                           ; 
    47                           ; SFR Addresses
    48  0000                     	;# 
    49  0001                     	;# 
    50  0002                     	;# 
    51  0003                     	;# 
    52  0004                     	;# 
    53  0005                     	;# 
    54  0006                     	;# 
    55  0006                     _GPIObits	set	6
    56  0001                     _TMR0	set	1
    57  0000                     _OPTION	set	0
    58  0006                     _TRIS	set	6
    59                           
    60                           	psect	cinit
    61  002                     start_initialization:	
    62                           ; #config settings
    63                           
    64  002                     __initialization:
    65  002                     end_of_initialization:	
    66                           ;End of C runtime variable initialization code
    67                           
    68  002                     __end_of__initialization:
    69  002  0064               	clrf	4
    70  003  04A3  0B9E         	ljmp	_main	;jump to C main() function
    71                           
    72                           	psect	cstackBANK0
    73  010                     __pcstackBANK0:
    74  010                     ?_main:
    75  010                     main@argc:	
    76                           ; 2 bytes @ 0x0
    77                           
    78                           
    79                           ; 2 bytes @ 0x0
    80  010                     	ds	2
    81  012                     main@argv:
    82                           
    83                           ; 2 bytes @ 0x2
    84  012                     	ds	2
    85  014                     ??_main:
    86                           
    87                           ; 1 bytes @ 0x4
    88  014                     	ds	2
    89  016                     main@p_cnt:
    90                           
    91                           ; 1 bytes @ 0x6
    92  016                     	ds	1
    93  017                     main@seconds:
    94                           
    95                           ; 1 bytes @ 0x7
    96  017                     	ds	1
    97                           
    98                           	psect	cstackCOMMON
    99  007                     __pcstackCOMMON:
   100  007                     ?_init:
   101  007                     ??_init:	
   102                           ; 1 bytes @ 0x0
   103                           
   104  007                     ?_debounce:	
   105                           ; 1 bytes @ 0x0
   106                           
   107  007                     ??_debounce:	
   108                           ; 1 bytes @ 0x0
   109                           
   110  007                     debounce@pin:	
   111                           ; 1 bytes @ 0x0
   112                           
   113                           
   114                           ; 1 bytes @ 0x0
   115  007                     	ds	1
   116                           
   117                           	psect	maintext
   118  19E                     __pmaintext:	
   119 ;;
   120 ;;Main: autosize = 0, tempsize = 2, incstack = 0, save=0
   121 ;;
   122 ;; *************** function _main *****************
   123 ;; Defined at:
   124 ;;		line 88 in file "main.c"
   125 ;; Parameters:    Size  Location     Type
   126 ;;  argc            2    0[BANK0 ] int 
   127 ;;  argv            2    2[BANK0 ] PTR PTR unsigned char 
   128 ;; Auto vars:     Size  Location     Type
   129 ;;  p_cnt           1    6[BANK0 ] unsigned char 
   130 ;;  seconds         1    7[BANK0 ] unsigned char 
   131 ;; Return value:  Size  Location     Type
   132 ;;                  2    0[BANK0 ] int 
   133 ;; Registers used:
   134 ;;		wreg, fsr0l, fsr0h, status,2, status,0, btemp+7, pclath, cstack
   135 ;; Tracked objects:
   136 ;;		On entry : B00/0
   137 ;;		On exit  : 0/0
   138 ;;		Unchanged: 0/0
   139 ;; Data sizes:     COMMON   BANK0   BANK1
   140 ;;      Params:         0       4       0
   141 ;;      Locals:         0       2       0
   142 ;;      Temps:          0       2       0
   143 ;;      Totals:         0       8       0
   144 ;;Total ram usage:        8 bytes
   145 ;; Hardware stack levels required when called:    1
   146 ;; This function calls:
   147 ;;		_debounce
   148 ;;		_init
   149 ;; This function is called by:
   150 ;;		Startup code after reset
   151 ;; This function uses a non-reentrant model
   152 ;;
   153                           
   154                           
   155                           ;psect for function _main
   156  19E                     _main:
   157  19E                     l615:	
   158                           ;incstack = 0
   159                           ; Regs used in _main: [wreg-fsr0h+status,2+status,0+btemp+7+pclath+cstack]
   160                           
   161  19E  04A3  0905  04A3   	fcall	entry__init
   162  1A1                     l617:
   163  1A1  04A4               	bcf	4,5	;FSR5=0, select bank0
   164  1A2  0306               	rrf	6,w	;volatile
   165  1A3  0034               	movwf	??_main
   166  1A4  0334               	rrf	??_main,f
   167  1A5  0314               	rrf	??_main,w
   168  1A6  0E01               	andlw	1
   169  1A7  04A3  0907  04A3   	fcall	entry__debounce
   170  1AA                     l619:
   171  1AA  04A4               	bcf	4,5	;FSR5=0, select bank0
   172  1AB  0077               	clrf	main@seconds
   173  1AC                     l625:
   174  1AC  0217               	movf	main@seconds,w
   175  1AD  0743               	btfss	3,2
   176  1AE  0BB0               	goto	u121
   177  1AF  0BB1               	goto	u120
   178  1B0                     u121:
   179  1B0  0BB5               	goto	l629
   180  1B1                     u120:
   181  1B1                     l627:
   182  1B1  0426               	bcf	6,1	;volatile
   183  1B2  04A6               	bcf	6,5	;volatile
   184  1B3  0486               	bcf	6,4	;volatile
   185  1B4  0526               	bsf	6,1	;volatile
   186  1B5                     l629:
   187  1B5  0C05               	movlw	5
   188  1B6  0197               	xorwf	main@seconds,w
   189  1B7  0743               	btfss	3,2
   190  1B8  0BBA               	goto	u131
   191  1B9  0BBB               	goto	u130
   192  1BA                     u131:
   193  1BA  0BBC               	goto	l633
   194  1BB                     u130:
   195  1BB                     l631:
   196  1BB  05A6               	bsf	6,5	;volatile
   197  1BC                     l633:
   198  1BC  0C0A               	movlw	10
   199  1BD  0197               	xorwf	main@seconds,w
   200  1BE  0743               	btfss	3,2
   201  1BF  0BC1               	goto	u141
   202  1C0  0BC2               	goto	u140
   203  1C1                     u141:
   204  1C1  0BC5               	goto	l637
   205  1C2                     u140:
   206  1C2                     l635:
   207  1C2  0426               	bcf	6,1	;volatile
   208  1C3  04A6               	bcf	6,5	;volatile
   209  1C4  0586               	bsf	6,4	;volatile
   210  1C5                     l637:
   211  1C5  0C14               	movlw	20
   212  1C6  0197               	xorwf	main@seconds,w
   213  1C7  0743               	btfss	3,2
   214  1C8  0BCA               	goto	u151
   215  1C9  0BCB               	goto	u150
   216  1CA                     u151:
   217  1CA  0BCD               	goto	l641
   218  1CB                     u150:
   219  1CB                     l639:
   220  1CB  0486               	bcf	6,4	;volatile
   221  1CC  05A6               	bsf	6,5	;volatile
   222  1CD                     l641:
   223  1CD  0076               	clrf	main@p_cnt
   224  1CE                     l647:
   225  1CE  0C41               	movlw	65
   226  1CF  04A4               	bcf	4,5	;FSR5=0, select bank0
   227  1D0  0035               	movwf	??_main+1
   228  1D1  0CEE               	movlw	238
   229  1D2  0034               	movwf	??_main
   230  1D3                     u197:
   231  1D3  02F4               	decfsz	??_main,f
   232  1D4  0BD3               	goto	u197
   233  1D5  02F5               	decfsz	??_main+1,f
   234  1D6  0BD3               	goto	u197
   235  1D7                     l649:
   236  1D7  04A4               	bcf	4,5	;FSR5=0, select bank0
   237  1D8  0666               	btfsc	6,3	;volatile
   238  1D9  0BDB               	goto	u161
   239  1DA  0BDC               	goto	u160
   240  1DB                     u161:
   241  1DB  0BE8               	goto	l655
   242  1DC                     u160:
   243  1DC                     l651:
   244  1DC  0426               	bcf	6,1	;volatile
   245  1DD  04A6               	bcf	6,5	;volatile
   246  1DE  0486               	bcf	6,4	;volatile
   247  1DF                     l653:
   248  1DF  0306               	rrf	6,w	;volatile
   249  1E0  0034               	movwf	??_main
   250  1E1  0334               	rrf	??_main,f
   251  1E2  0314               	rrf	??_main,w
   252  1E3  0E01               	andlw	1
   253  1E4  04A3  0907  04A3   	fcall	entry__debounce
   254  1E7  0003               	sleep	;# 
   255  1E8                     l655:
   256  1E8  0C01               	movlw	1
   257  1E9  002F               	movwf	btemp+7
   258  1EA  020F               	movf	btemp+7,w
   259  1EB  04A4               	bcf	4,5	;FSR5=0, select bank0
   260  1EC  01F6               	addwf	main@p_cnt,f
   261  1ED                     l657:
   262  1ED  0C14               	movlw	20
   263  1EE  0096               	subwf	main@p_cnt,w
   264  1EF  0703               	skipc
   265  1F0  0BF2               	goto	u171
   266  1F1  0BF3               	goto	u170
   267  1F2                     u171:
   268  1F2  0BCE               	goto	l647
   269  1F3                     u170:
   270  1F3                     l659:
   271  1F3  0C01               	movlw	1
   272  1F4  002F               	movwf	btemp+7
   273  1F5  020F               	movf	btemp+7,w
   274  1F6  01F7               	addwf	main@seconds,f
   275  1F7                     l661:
   276  1F7  0C19               	movlw	25
   277  1F8  0097               	subwf	main@seconds,w
   278  1F9  0703               	skipc
   279  1FA  0BFC               	goto	u181
   280  1FB  0BFD               	goto	u180
   281  1FC                     u181:
   282  1FC  0BAC               	goto	l625
   283  1FD                     u180:
   284  1FD  0BAA               	goto	l619
   285  1FE  04A3  0A00         	ljmp	start
   286  200                     __end_of_main:
   287                           
   288                           	psect	text1
   289  188                     __ptext1:	
   290 ;; *************** function _init *****************
   291 ;; Defined at:
   292 ;;		line 48 in file "main.c"
   293 ;; Parameters:    Size  Location     Type
   294 ;;		None
   295 ;; Auto vars:     Size  Location     Type
   296 ;;		None
   297 ;; Return value:  Size  Location     Type
   298 ;;                  1   12[None  ] void 
   299 ;; Registers used:
   300 ;;		wreg
   301 ;; Tracked objects:
   302 ;;		On entry : 0/0
   303 ;;		On exit  : 0/0
   304 ;;		Unchanged: 0/0
   305 ;; Data sizes:     COMMON   BANK0   BANK1
   306 ;;      Params:         0       0       0
   307 ;;      Locals:         0       0       0
   308 ;;      Temps:          0       0       0
   309 ;;      Totals:         0       0       0
   310 ;;Total ram usage:        0 bytes
   311 ;; Hardware stack levels used:    1
   312 ;; This function calls:
   313 ;;		Nothing
   314 ;; This function is called by:
   315 ;;		_main
   316 ;; This function uses a non-reentrant model
   317 ;;
   318                           
   319                           
   320                           ;psect for function _init
   321  188                     _init:
   322  188                     l605:
   323                           
   324                           ;main.c: 56:             }
   325  188  0C08               	movlw	8
   326  189  0006               	tris	6
   327                           
   328                           ;main.c: 64:             if (seconds == 0 + (10 - 5) + 5 + 0 + (10 - 5) + 5) {
   329  18A  0C00               	movlw	0
   330  18B  0002               	option
   331  18C                     l13:
   332  18C  0800               	retlw	0
   333  18D                     __end_of_init:
   334                           
   335                           	psect	jmp_tab
   336  005                     __pjmp_tab:	
   337                           ;incstack = 0
   338                           ; Regs used in _init: [wreg]
   339                           
   340  005                     entry__init:
   341  005  04A3  0B88         	ljmp	_init
   342  007                     entry__debounce:	
   343                           ;incstack = 0
   344                           ; Regs used in _debounce: [wreg-fsr0h+status,2+status,0]
   345                           
   346  007  04A3  0B8D         	ljmp	_debounce
   347                           
   348                           	psect	text2
   349  18D                     __ptext2:	
   350 ;; *************** function _debounce *****************
   351 ;; Defined at:
   352 ;;		line 76 in file "main.c"
   353 ;; Parameters:    Size  Location     Type
   354 ;;  pin             1    wreg     unsigned char 
   355 ;; Auto vars:     Size  Location     Type
   356 ;;  pin             1    0[COMMON] unsigned char 
   357 ;; Return value:  Size  Location     Type
   358 ;;                  1   15[None  ] void 
   359 ;; Registers used:
   360 ;;		wreg, fsr0l, fsr0h, status,2, status,0
   361 ;; Tracked objects:
   362 ;;		On entry : 0/0
   363 ;;		On exit  : 0/0
   364 ;;		Unchanged: 0/0
   365 ;; Data sizes:     COMMON   BANK0   BANK1
   366 ;;      Params:         0       0       0
   367 ;;      Locals:         1       0       0
   368 ;;      Temps:          0       0       0
   369 ;;      Totals:         1       0       0
   370 ;;Total ram usage:        1 bytes
   371 ;; Hardware stack levels used:    1
   372 ;; This function calls:
   373 ;;		Nothing
   374 ;; This function is called by:
   375 ;;		_main
   376 ;; This function uses a non-reentrant model
   377 ;;
   378                           
   379                           
   380                           ;psect for function _debounce
   381  18D                     _debounce:
   382                           
   383                           ;debounce@pin stored from wreg
   384  18D  0027               	movwf	debounce@pin
   385  18E                     l607:
   386                           
   387                           ;main.c: 77:                     __asm("sleep");
   388  18E  04A4               	bcf	4,5	;FSR5=0, select bank0
   389  18F  0061               	clrf	1	;volatile
   390                           
   391                           ;main.c: 78:                 }
   392  190  0B97               	goto	l613
   393  191                     l609:
   394                           
   395                           ;main.c: 79:             }
   396  191  0207               	movf	debounce@pin,w
   397  192  0743               	btfss	3,2
   398  193  0B95               	goto	u101
   399  194  0B96               	goto	u100
   400  195                     u101:
   401  195  0B97               	goto	l613
   402  196                     u100:
   403  196  0B8E               	goto	l607
   404  197                     l613:
   405                           
   406                           ;main.c: 78:                 }
   407  197  0C27               	movlw	39
   408  198  0081               	subwf	1,w	;volatile
   409  199  0703               	skipc
   410  19A  0B9C               	goto	u111
   411  19B  0B9D               	goto	u110
   412  19C                     u111:
   413  19C  0B91               	goto	l609
   414  19D                     u110:
   415  19D                     l20:
   416  19D  0800               	retlw	0
   417  19E                     __end_of_debounce:
   418  0008                     btemp	set	8	;btemp
   419  0008                     wtemp0	set	8
   420  000A                     wtemp1	set	10
   421  000C                     wtemp2	set	12
   422  000E                     wtemp3	set	14
   423  0008                     ttemp0	set	8
   424  000B                     ttemp1	set	11
   425  0008                     ltemp0	set	8
   426  000C                     ltemp1	set	12
   427  000A                     ltemp3	set	10
   428                           
   429                           	psect	config
   430                           
   431                           ;Config register CONFIG @ 0xFFF
   432                           ;	Oscillator Selection bits
   433                           ;	OSC = IntRC, internal RC oscillator
   434                           ;	Watchdog Timer Enable bit
   435                           ;	WDT = OFF, WDT disabled
   436                           ;	Code Protection bit
   437                           ;	CP = OFF, Code protection off
   438                           ;	GP3/MCLR Pin Function Select bit
   439                           ;	MCLRE = OFF, GP3/MCLR pin function is digital input, MCLR internally tied to VDD
   440  0FFF                     	org	4095
   441  0FFF  0FEA               	dw	4074

Data Sizes:
    Strings     0
    Constant    0
    Data        0
    BSS         0
    Persistent  0
    Stack       0

Auto Spaces:
    Space          Size  Autos    Used
    COMMON            1      1       1
    BANK0            16      8       8
    BANK1            16      0       0

Pointer List with Targets:

    None.

Critical Paths under _main in COMMON

    _main->_debounce

Critical Paths under _main in BANK0

    None.

Critical Paths under _main in BANK1

    None.

Call Graph Tables:

 ---------------------------------------------------------------------------------
 (Depth) Function   	        Calls       Base Space   Used Autos Params    Refs
 ---------------------------------------------------------------------------------
 (0) _main                                                 8     4      4     202
                                              0 BANK0      8     4      4
                           _debounce
                               _init
 ---------------------------------------------------------------------------------
 (1) _init                                                 0     0      0       0
 ---------------------------------------------------------------------------------
 (1) _debounce                                             1     1      0      22
                                              0 COMMON     1     1      0
 ---------------------------------------------------------------------------------
 Estimated maximum stack depth 1
 ---------------------------------------------------------------------------------

 Call Graph Graphs:

 _main (ROOT)
   _debounce
   _init

 Address spaces:
Name               Size   Autos  Total    Cost      Usage
BITCOMMON            1      0       0       0        0.0%
NULL                 0      0       0       0        0.0%
CODE                 0      0       0       0        0.0%
COMMON               1      1       1       1      100.0%
BITSFR0              0      0       0       1        0.0%
SFR0                 0      0       0       1        0.0%
BITSFR1              0      0       0       2        0.0%
SFR1                 0      0       0       2        0.0%
STACK                0      0       0       2        0.0%
BITBANK0            10      0       0       3        0.0%
BANK0               10      8       8       4       50.0%
BITBANK1            10      0       0       5        0.0%
BANK1               10      0       0       6        0.0%
ABS                  0      0       0       7        0.0%
DATA                 0      0       0       8        0.0%


Microchip Technology PIC Macro Assembler V2.31 build 20201012212115 
Symbol Table                                                                                   Wed Dec 02 00:03:25 2020

                     l20 019D                       l13 018C                       fsr 0004  
                    l613 0197                      l605 0188                      l607 018E  
                    l631 01BB                      l615 019E                      l609 0191  
                    l641 01CD                      l633 01BC                      l625 01AC  
                    l617 01A1                      l651 01DC                      l635 01C2  
                    l627 01B1                      l619 01AA                      l661 01F7  
                    l653 01DF                      l637 01C5                      l629 01B5  
                    l655 01E8                      l647 01CE                      l639 01CB  
                    l657 01ED                      l649 01D7                      l659 01F3  
                    u100 0196                      u101 0195                      u110 019D  
                    u111 019C                      u120 01B1                      u121 01B0  
                    u130 01BB                      u131 01BA                      u140 01C2  
                    u141 01C1                      u150 01CB                      u151 01CA  
                    u160 01DC                      u161 01DB                      u170 01F3  
                    u171 01F2                      u180 01FD                      u181 01FC  
                    u197 01D3                     _TMR0 0001                     _TRIS 0006  
            main@seconds 0017                     _main 019E                     _init 0188  
                   btemp 0008                     start 0000                    ?_main 0010  
                  ?_init 0007                    ltemp0 0008                    ltemp1 000C  
                  ltemp3 000A                    ttemp0 0008                    ttemp1 000B  
                  status 0003                    wtemp0 0008                    wtemp1 000A  
                  wtemp2 000C                    wtemp3 000E          __initialization 0002  
           __end_of_main 0200             __end_of_init 018D                   ??_main 0014  
                 ??_init 0007                   _OPTION 0000         __end_of_debounce 019E  
__end_of__initialization 0002           __pcstackCOMMON 0007               __pmaintext 019E  
              ?_debounce 0007                  __ptext1 0188                  __ptext2 018D  
             ??_debounce 0007     end_of_initialization 0002      start_initialization 0002  
             entry__init 0005                ___latbits 0001            __pcstackBANK0 0010  
      __size_of_debounce 0011           entry__debounce 0007                __pjmp_tab 0005  
               _GPIObits 0006                main@p_cnt 0016                 _debounce 018D  
          __size_of_main 0062            __size_of_init 0005              debounce@pin 0007  
               main@argc 0010                 main@argv 0012  
